<?xml version="1.0" encoding="UTF-8"?>
<testsuite xmlns:xsi="http://www.w3.org/2001/XMLSchema-instance" xsi:noNamespaceSchemaLocation="https://maven.apache.org/surefire/maven-surefire-plugin/xsd/surefire-test-report-3.0.xsd" version="3.0" name="DemoTest" time="0.046" tests="1" errors="0" skipped="0" failures="0">
  <properties>
    <property name="java.specification.version" value="17"/>
    <property name="sun.cpu.isalist" value="amd64"/>
    <property name="sun.jnu.encoding" value="GBK"/>
    <property name="java.class.path" value="C:\Users\jinji\Documents\JavaLearn\MAVEN\maven-project\java01\target\test-classes;C:\Users\jinji\Documents\JavaLearn\MAVEN\maven-project\java01\target\classes;C:\Users\jinji\.m2\repository\junit\junit\4.12\junit-4.12.jar;C:\Users\jinji\.m2\repository\org\hamcrest\hamcrest-core\1.3\hamcrest-core-1.3.jar;C:\Users\jinji\.m2\repository\org\mybatis\mybatis\3.5.3\mybatis-3.5.3.jar;C:\Users\jinji\.m2\repository\log4j\log4j\1.2.12\log4j-1.2.12.jar;"/>
    <property name="java.vm.vendor" value="Eclipse Adoptium"/>
    <property name="sun.arch.data.model" value="64"/>
    <property name="user.variant" value=""/>
    <property name="java.vendor.url" value="https://adoptium.net/"/>
    <property name="user.timezone" value="GMT+08:00"/>
    <property name="os.name" value="Windows 11"/>
    <property name="java.vm.specification.version" value="17"/>
    <property name="sun.java.launcher" value="SUN_STANDARD"/>
    <property name="user.country" value="CN"/>
    <property name="sun.boot.library.path" value="C:\JAVA\jdk-17.0.10+7\bin"/>
    <property name="sun.java.command" value="C:\Users\jinji\AppData\Local\Temp\surefire5937090482468098013\surefirebooter-20240518225318462_3.jar C:\Users\jinji\AppData\Local\Temp\surefire5937090482468098013 2024-05-18T22-53-18_309-jvmRun1 surefire-20240518225318462_1tmp surefire_0-20240518225318462_2tmp"/>
    <property name="jdk.debug" value="release"/>
    <property name="surefire.test.class.path" value="C:\Users\jinji\Documents\JavaLearn\MAVEN\maven-project\java01\target\test-classes;C:\Users\jinji\Documents\JavaLearn\MAVEN\maven-project\java01\target\classes;C:\Users\jinji\.m2\repository\junit\junit\4.12\junit-4.12.jar;C:\Users\jinji\.m2\repository\org\hamcrest\hamcrest-core\1.3\hamcrest-core-1.3.jar;C:\Users\jinji\.m2\repository\org\mybatis\mybatis\3.5.3\mybatis-3.5.3.jar;C:\Users\jinji\.m2\repository\log4j\log4j\1.2.12\log4j-1.2.12.jar;"/>
    <property name="sun.cpu.endian" value="little"/>
    <property name="user.home" value="C:\Users\jinji"/>
    <property name="user.language" value="zh"/>
    <property name="java.specification.vendor" value="Oracle Corporation"/>
    <property name="java.version.date" value="2024-01-16"/>
    <property name="java.home" value="C:\JAVA\jdk-17.0.10+7"/>
    <property name="file.separator" value="\"/>
    <property name="basedir" value="C:\Users\jinji\Documents\JavaLearn\MAVEN\maven-project\java01"/>
    <property name="java.vm.compressedOopsMode" value="Zero based"/>
    <property name="line.separator" value="&#10;"/>
    <property name="java.vm.specification.vendor" value="Oracle Corporation"/>
    <property name="java.specification.name" value="Java Platform API Specification"/>
    <property name="surefire.real.class.path" value="C:\Users\jinji\AppData\Local\Temp\surefire5937090482468098013\surefirebooter-20240518225318462_3.jar"/>
    <property name="user.script" value=""/>
    <property name="sun.management.compiler" value="HotSpot 64-Bit Tiered Compilers"/>
    <property name="java.runtime.version" value="17.0.10+7"/>
    <property name="user.name" value="jinji"/>
    <property name="path.separator" value=";"/>
    <property name="os.version" value="10.0"/>
    <property name="java.runtime.name" value="OpenJDK Runtime Environment"/>
    <property name="file.encoding" value="GBK"/>
    <property name="java.vm.name" value="OpenJDK 64-Bit Server VM"/>
    <property name="java.vendor.version" value="Temurin-17.0.10+7"/>
    <property name="localRepository" value="C:\Users\jinji\.m2\repository"/>
    <property name="java.vendor.url.bug" value="https://github.com/adoptium/adoptium-support/issues"/>
    <property name="java.io.tmpdir" value="C:\Users\jinji\AppData\Local\Temp\"/>
    <property name="idea.version" value="2024.1"/>
    <property name="java.version" value="17.0.10"/>
    <property name="user.dir" value="C:\Users\jinji\Documents\JavaLearn\MAVEN\maven-project\java01"/>
    <property name="os.arch" value="amd64"/>
    <property name="java.vm.specification.name" value="Java Virtual Machine Specification"/>
    <property name="sun.os.patch.level" value=""/>
    <property name="native.encoding" value="GBK"/>
    <property name="java.library.path" value="C:\JAVA\jdk-17.0.10+7\bin;C:\windows\Sun\Java\bin;C:\windows\system32;C:\windows;C:\Program Files (x86)\NVIDIA Corporation\PhysX\Common;C:\Program Files (x86)\VMware\VMware Workstation\bin\;C:\windows\system32;C:\windows;C:\windows\System32\Wbem;C:\windows\System32\WindowsPowerShell\v1.0\;C:\windows\System32\OpenSSH\;C:\Program Files\Git\cmd;C:\Program Files\dotnet\;C:\Program Files\HP\HP One Agent;C:\Program Files\MATLAB\R2024a\bin;C:\Program Files\Microsoft SQL Server\150\Tools\Binn\;C:\Program Files\Microsoft SQL Server\Client SDK\ODBC\170\Tools\Binn\;C:\Program Files (x86)\Windows Kits\10\Windows Performance Toolkit\;C:\Program Files\PowerShell\7\;C:\JAVA\jdk-17.0.10+7\bin;C:\Program Files\PowerShell\7;C:\windows\System32\Wbem;C:\Users\jinji\AppData\Local\Programs\Microsoft VS Code\bin;C:\Program Files\HP\HP One Agent;C:\Users\jinji\AppData\Local\Programs\Python\Python310\;C:\Users\jinji\AppData\Local\Programs\Python\Python310\Scripts\;C:\Program Files (x86)\VMware\VMware Workstation\bin\;C:\windows\System32\WindowsPowerShell\v1.0\;C:\Program Files (x86)\Common Files\Oracle\Java\java8path;C:\Program Files\MATLAB\R2024a\bin;C:\windows\system32;C:\Users\jinji\MinGW-W64\mingw64\bin;C:\Program Files\PowerShell\7\;C:\windows\System32\OpenSSH\;C:\Users\jinji\AppData\Local\Microsoft\WindowsApps;C:\windows;C:\Program Files\dotnet\;C:\Program Files (x86)\Common Files\Oracle\Java\javapath;C:\Program Files\Git\cmd;C:\Users\jinji\.dotnet\tools;D:\apache-maven-3.9.6\bin;;."/>
    <property name="java.vm.info" value="mixed mode, sharing"/>
    <property name="java.vendor" value="Eclipse Adoptium"/>
    <property name="java.vm.version" value="17.0.10+7"/>
    <property name="sun.io.unicode.encoding" value="UnicodeLittle"/>
    <property name="java.class.version" value="61.0"/>
  </properties>
  <testcase name="testSay" classname="DemoTest" time="0.008">
    <system-out><![CDATA[hello itheima
]]></system-out>
  </testcase>
</testsuite>